ERROR - 2024-11-04 07:49:09 --> Invalid token: 
ERROR - 2024-11-04 07:49:43 --> Invalid token: 
ERROR - 2024-11-04 11:26:36 --> mysqli_sql_exception: Duplicate entry '32' for key 'user_id' in /var/www/api_kiacademy/system/Database/MySQLi/Connection.php:312
Stack trace:
#0 /var/www/api_kiacademy/system/Database/MySQLi/Connection.php(312): mysqli->query()
#1 /var/www/api_kiacademy/system/Database/BaseConnection.php(734): CodeIgniter\Database\MySQLi\Connection->execute()
#2 /var/www/api_kiacademy/system/Database/BaseConnection.php(648): CodeIgniter\Database\BaseConnection->simpleQuery()
#3 /var/www/api_kiacademy/system/Database/BaseBuilder.php(2340): CodeIgniter\Database\BaseConnection->query()
#4 /var/www/api_kiacademy/app/Models/CommonModel.php(12): CodeIgniter\Database\BaseBuilder->insert()
#5 /var/www/api_kiacademy/app/Controllers/StudentController.php(81): App\Models\CommonModel->insertRecord()
#6 /var/www/api_kiacademy/system/CodeIgniter.php(933): App\Controllers\StudentController->create()
#7 /var/www/api_kiacademy/system/CodeIgniter.php(509): CodeIgniter\CodeIgniter->runController()
#8 /var/www/api_kiacademy/system/CodeIgniter.php(355): CodeIgniter\CodeIgniter->handleRequest()
#9 /var/www/api_kiacademy/system/Boot.php(325): CodeIgniter\CodeIgniter->run()
#10 /var/www/api_kiacademy/system/Boot.php(67): CodeIgniter\Boot::runCodeIgniter()
#11 /var/www/api_kiacademy/index.php(56): CodeIgniter\Boot::bootWeb()
#12 {main}
CRITICAL - 2024-11-04 11:26:36 --> CodeIgniter\Database\Exceptions\DatabaseException: Duplicate entry '32' for key 'user_id'
[Method: POST, Route: api/students/create]
in SYSTEMPATH/Database/BaseConnection.php on line 688.
 1 SYSTEMPATH/Database/BaseBuilder.php(2340): CodeIgniter\Database\BaseConnection->query()
 2 APPPATH/Models/CommonModel.php(12): CodeIgniter\Database\BaseBuilder->insert()
 3 APPPATH/Controllers/StudentController.php(81): App\Models\CommonModel->insertRecord()
 4 SYSTEMPATH/CodeIgniter.php(933): App\Controllers\StudentController->create()
 5 SYSTEMPATH/CodeIgniter.php(509): CodeIgniter\CodeIgniter->runController()
 6 SYSTEMPATH/CodeIgniter.php(355): CodeIgniter\CodeIgniter->handleRequest()
 7 SYSTEMPATH/Boot.php(325): CodeIgniter\CodeIgniter->run()
 8 SYSTEMPATH/Boot.php(67): CodeIgniter\Boot::runCodeIgniter()
 9 FCPATH/index.php(56): CodeIgniter\Boot::bootWeb()
CRITICAL - 2024-11-04 11:26:36 --> [Caused by] CodeIgniter\Database\Exceptions\DatabaseException: Duplicate entry '32' for key 'user_id'
in SYSTEMPATH/Database/MySQLi/Connection.php on line 317.
 1 SYSTEMPATH/Database/BaseConnection.php(734): CodeIgniter\Database\MySQLi\Connection->execute()
 2 SYSTEMPATH/Database/BaseConnection.php(648): CodeIgniter\Database\BaseConnection->simpleQuery()
 3 SYSTEMPATH/Database/BaseBuilder.php(2340): CodeIgniter\Database\BaseConnection->query()
 4 APPPATH/Models/CommonModel.php(12): CodeIgniter\Database\BaseBuilder->insert()
 5 APPPATH/Controllers/StudentController.php(81): App\Models\CommonModel->insertRecord()
 6 SYSTEMPATH/CodeIgniter.php(933): App\Controllers\StudentController->create()
 7 SYSTEMPATH/CodeIgniter.php(509): CodeIgniter\CodeIgniter->runController()
 8 SYSTEMPATH/CodeIgniter.php(355): CodeIgniter\CodeIgniter->handleRequest()
 9 SYSTEMPATH/Boot.php(325): CodeIgniter\CodeIgniter->run()
10 SYSTEMPATH/Boot.php(67): CodeIgniter\Boot::runCodeIgniter()
11 FCPATH/index.php(56): CodeIgniter\Boot::bootWeb()
CRITICAL - 2024-11-04 11:26:36 --> [Caused by] mysqli_sql_exception: Duplicate entry '32' for key 'user_id'
in SYSTEMPATH/Database/MySQLi/Connection.php on line 312.
 1 SYSTEMPATH/Database/MySQLi/Connection.php(312): mysqli->query()
 2 SYSTEMPATH/Database/BaseConnection.php(734): CodeIgniter\Database\MySQLi\Connection->execute()
 3 SYSTEMPATH/Database/BaseConnection.php(648): CodeIgniter\Database\BaseConnection->simpleQuery()
 4 SYSTEMPATH/Database/BaseBuilder.php(2340): CodeIgniter\Database\BaseConnection->query()
 5 APPPATH/Models/CommonModel.php(12): CodeIgniter\Database\BaseBuilder->insert()
 6 APPPATH/Controllers/StudentController.php(81): App\Models\CommonModel->insertRecord()
 7 SYSTEMPATH/CodeIgniter.php(933): App\Controllers\StudentController->create()
 8 SYSTEMPATH/CodeIgniter.php(509): CodeIgniter\CodeIgniter->runController()
 9 SYSTEMPATH/CodeIgniter.php(355): CodeIgniter\CodeIgniter->handleRequest()
10 SYSTEMPATH/Boot.php(325): CodeIgniter\CodeIgniter->run()
11 SYSTEMPATH/Boot.php(67): CodeIgniter\Boot::runCodeIgniter()
12 FCPATH/index.php(56): CodeIgniter\Boot::bootWeb()
ERROR - 2024-11-04 11:33:25 --> mysqli_sql_exception: Duplicate entry '32' for key 'user_id' in /var/www/api_kiacademy/system/Database/MySQLi/Connection.php:312
Stack trace:
#0 /var/www/api_kiacademy/system/Database/MySQLi/Connection.php(312): mysqli->query()
#1 /var/www/api_kiacademy/system/Database/BaseConnection.php(734): CodeIgniter\Database\MySQLi\Connection->execute()
#2 /var/www/api_kiacademy/system/Database/BaseConnection.php(648): CodeIgniter\Database\BaseConnection->simpleQuery()
#3 /var/www/api_kiacademy/system/Database/BaseBuilder.php(2340): CodeIgniter\Database\BaseConnection->query()
#4 /var/www/api_kiacademy/app/Models/CommonModel.php(12): CodeIgniter\Database\BaseBuilder->insert()
#5 /var/www/api_kiacademy/app/Controllers/StudentController.php(81): App\Models\CommonModel->insertRecord()
#6 /var/www/api_kiacademy/system/CodeIgniter.php(933): App\Controllers\StudentController->create()
#7 /var/www/api_kiacademy/system/CodeIgniter.php(509): CodeIgniter\CodeIgniter->runController()
#8 /var/www/api_kiacademy/system/CodeIgniter.php(355): CodeIgniter\CodeIgniter->handleRequest()
#9 /var/www/api_kiacademy/system/Boot.php(325): CodeIgniter\CodeIgniter->run()
#10 /var/www/api_kiacademy/system/Boot.php(67): CodeIgniter\Boot::runCodeIgniter()
#11 /var/www/api_kiacademy/index.php(56): CodeIgniter\Boot::bootWeb()
#12 {main}
CRITICAL - 2024-11-04 11:33:25 --> CodeIgniter\Database\Exceptions\DatabaseException: Duplicate entry '32' for key 'user_id'
[Method: POST, Route: api/students/create]
in SYSTEMPATH/Database/BaseConnection.php on line 688.
 1 SYSTEMPATH/Database/BaseBuilder.php(2340): CodeIgniter\Database\BaseConnection->query()
 2 APPPATH/Models/CommonModel.php(12): CodeIgniter\Database\BaseBuilder->insert()
 3 APPPATH/Controllers/StudentController.php(81): App\Models\CommonModel->insertRecord()
 4 SYSTEMPATH/CodeIgniter.php(933): App\Controllers\StudentController->create()
 5 SYSTEMPATH/CodeIgniter.php(509): CodeIgniter\CodeIgniter->runController()
 6 SYSTEMPATH/CodeIgniter.php(355): CodeIgniter\CodeIgniter->handleRequest()
 7 SYSTEMPATH/Boot.php(325): CodeIgniter\CodeIgniter->run()
 8 SYSTEMPATH/Boot.php(67): CodeIgniter\Boot::runCodeIgniter()
 9 FCPATH/index.php(56): CodeIgniter\Boot::bootWeb()
CRITICAL - 2024-11-04 11:33:25 --> [Caused by] CodeIgniter\Database\Exceptions\DatabaseException: Duplicate entry '32' for key 'user_id'
in SYSTEMPATH/Database/MySQLi/Connection.php on line 317.
 1 SYSTEMPATH/Database/BaseConnection.php(734): CodeIgniter\Database\MySQLi\Connection->execute()
 2 SYSTEMPATH/Database/BaseConnection.php(648): CodeIgniter\Database\BaseConnection->simpleQuery()
 3 SYSTEMPATH/Database/BaseBuilder.php(2340): CodeIgniter\Database\BaseConnection->query()
 4 APPPATH/Models/CommonModel.php(12): CodeIgniter\Database\BaseBuilder->insert()
 5 APPPATH/Controllers/StudentController.php(81): App\Models\CommonModel->insertRecord()
 6 SYSTEMPATH/CodeIgniter.php(933): App\Controllers\StudentController->create()
 7 SYSTEMPATH/CodeIgniter.php(509): CodeIgniter\CodeIgniter->runController()
 8 SYSTEMPATH/CodeIgniter.php(355): CodeIgniter\CodeIgniter->handleRequest()
 9 SYSTEMPATH/Boot.php(325): CodeIgniter\CodeIgniter->run()
10 SYSTEMPATH/Boot.php(67): CodeIgniter\Boot::runCodeIgniter()
11 FCPATH/index.php(56): CodeIgniter\Boot::bootWeb()
CRITICAL - 2024-11-04 11:33:25 --> [Caused by] mysqli_sql_exception: Duplicate entry '32' for key 'user_id'
in SYSTEMPATH/Database/MySQLi/Connection.php on line 312.
 1 SYSTEMPATH/Database/MySQLi/Connection.php(312): mysqli->query()
 2 SYSTEMPATH/Database/BaseConnection.php(734): CodeIgniter\Database\MySQLi\Connection->execute()
 3 SYSTEMPATH/Database/BaseConnection.php(648): CodeIgniter\Database\BaseConnection->simpleQuery()
 4 SYSTEMPATH/Database/BaseBuilder.php(2340): CodeIgniter\Database\BaseConnection->query()
 5 APPPATH/Models/CommonModel.php(12): CodeIgniter\Database\BaseBuilder->insert()
 6 APPPATH/Controllers/StudentController.php(81): App\Models\CommonModel->insertRecord()
 7 SYSTEMPATH/CodeIgniter.php(933): App\Controllers\StudentController->create()
 8 SYSTEMPATH/CodeIgniter.php(509): CodeIgniter\CodeIgniter->runController()
 9 SYSTEMPATH/CodeIgniter.php(355): CodeIgniter\CodeIgniter->handleRequest()
10 SYSTEMPATH/Boot.php(325): CodeIgniter\CodeIgniter->run()
11 SYSTEMPATH/Boot.php(67): CodeIgniter\Boot::runCodeIgniter()
12 FCPATH/index.php(56): CodeIgniter\Boot::bootWeb()
CRITICAL - 2024-11-04 12:18:50 --> ParseError: syntax error, unexpected token "===", expecting ")"
[Method: GET, Route: api/quiz-results/1/32]
in APPPATH/Controllers/QuizResultController.php on line 26.
 1 SYSTEMPATH/Autoloader/Autoloader.php(296): CodeIgniter\Autoloader\Autoloader->includeFile()
 2 SYSTEMPATH/Autoloader/Autoloader.php(272): CodeIgniter\Autoloader\Autoloader->loadInNamespace()
 3 [internal function]: CodeIgniter\Autoloader\Autoloader->loadClass()
 4 SYSTEMPATH/CodeIgniter.php(887): class_exists()
 5 SYSTEMPATH/CodeIgniter.php(496): CodeIgniter\CodeIgniter->startController()
 6 SYSTEMPATH/CodeIgniter.php(355): CodeIgniter\CodeIgniter->handleRequest()
 7 SYSTEMPATH/Boot.php(325): CodeIgniter\CodeIgniter->run()
 8 SYSTEMPATH/Boot.php(67): CodeIgniter\Boot::runCodeIgniter()
 9 FCPATH/index.php(56): CodeIgniter\Boot::bootWeb()
ERROR - 2024-11-04 12:19:49 --> mysqli_sql_exception: Unknown column 'user_id' in 'where clause' in /var/www/api_kiacademy/system/Database/MySQLi/Connection.php:312
Stack trace:
#0 /var/www/api_kiacademy/system/Database/MySQLi/Connection.php(312): mysqli->query()
#1 /var/www/api_kiacademy/system/Database/BaseConnection.php(734): CodeIgniter\Database\MySQLi\Connection->execute()
#2 /var/www/api_kiacademy/system/Database/BaseConnection.php(648): CodeIgniter\Database\BaseConnection->simpleQuery()
#3 /var/www/api_kiacademy/system/Database/BaseBuilder.php(1644): CodeIgniter\Database\BaseConnection->query()
#4 /var/www/api_kiacademy/app/Models/CommonModel.php(53): CodeIgniter\Database\BaseBuilder->get()
#5 /var/www/api_kiacademy/app/Controllers/QuizResultController.php(39): App\Models\CommonModel->rowRecord()
#6 /var/www/api_kiacademy/system/CodeIgniter.php(933): App\Controllers\QuizResultController->index()
#7 /var/www/api_kiacademy/system/CodeIgniter.php(509): CodeIgniter\CodeIgniter->runController()
#8 /var/www/api_kiacademy/system/CodeIgniter.php(355): CodeIgniter\CodeIgniter->handleRequest()
#9 /var/www/api_kiacademy/system/Boot.php(325): CodeIgniter\CodeIgniter->run()
#10 /var/www/api_kiacademy/system/Boot.php(67): CodeIgniter\Boot::runCodeIgniter()
#11 /var/www/api_kiacademy/index.php(56): CodeIgniter\Boot::bootWeb()
#12 {main}
CRITICAL - 2024-11-04 12:19:49 --> CodeIgniter\Database\Exceptions\DatabaseException: Unknown column 'user_id' in 'where clause'
[Method: GET, Route: api/quiz-results/1/32]
in SYSTEMPATH/Database/BaseConnection.php on line 688.
 1 SYSTEMPATH/Database/BaseBuilder.php(1644): CodeIgniter\Database\BaseConnection->query()
 2 APPPATH/Models/CommonModel.php(53): CodeIgniter\Database\BaseBuilder->get()
 3 APPPATH/Controllers/QuizResultController.php(39): App\Models\CommonModel->rowRecord()
 4 SYSTEMPATH/CodeIgniter.php(933): App\Controllers\QuizResultController->index()
 5 SYSTEMPATH/CodeIgniter.php(509): CodeIgniter\CodeIgniter->runController()
 6 SYSTEMPATH/CodeIgniter.php(355): CodeIgniter\CodeIgniter->handleRequest()
 7 SYSTEMPATH/Boot.php(325): CodeIgniter\CodeIgniter->run()
 8 SYSTEMPATH/Boot.php(67): CodeIgniter\Boot::runCodeIgniter()
 9 FCPATH/index.php(56): CodeIgniter\Boot::bootWeb()
CRITICAL - 2024-11-04 12:19:49 --> [Caused by] CodeIgniter\Database\Exceptions\DatabaseException: Unknown column 'user_id' in 'where clause'
in SYSTEMPATH/Database/MySQLi/Connection.php on line 317.
 1 SYSTEMPATH/Database/BaseConnection.php(734): CodeIgniter\Database\MySQLi\Connection->execute()
 2 SYSTEMPATH/Database/BaseConnection.php(648): CodeIgniter\Database\BaseConnection->simpleQuery()
 3 SYSTEMPATH/Database/BaseBuilder.php(1644): CodeIgniter\Database\BaseConnection->query()
 4 APPPATH/Models/CommonModel.php(53): CodeIgniter\Database\BaseBuilder->get()
 5 APPPATH/Controllers/QuizResultController.php(39): App\Models\CommonModel->rowRecord()
 6 SYSTEMPATH/CodeIgniter.php(933): App\Controllers\QuizResultController->index()
 7 SYSTEMPATH/CodeIgniter.php(509): CodeIgniter\CodeIgniter->runController()
 8 SYSTEMPATH/CodeIgniter.php(355): CodeIgniter\CodeIgniter->handleRequest()
 9 SYSTEMPATH/Boot.php(325): CodeIgniter\CodeIgniter->run()
10 SYSTEMPATH/Boot.php(67): CodeIgniter\Boot::runCodeIgniter()
11 FCPATH/index.php(56): CodeIgniter\Boot::bootWeb()
CRITICAL - 2024-11-04 12:19:49 --> [Caused by] mysqli_sql_exception: Unknown column 'user_id' in 'where clause'
in SYSTEMPATH/Database/MySQLi/Connection.php on line 312.
 1 SYSTEMPATH/Database/MySQLi/Connection.php(312): mysqli->query()
 2 SYSTEMPATH/Database/BaseConnection.php(734): CodeIgniter\Database\MySQLi\Connection->execute()
 3 SYSTEMPATH/Database/BaseConnection.php(648): CodeIgniter\Database\BaseConnection->simpleQuery()
 4 SYSTEMPATH/Database/BaseBuilder.php(1644): CodeIgniter\Database\BaseConnection->query()
 5 APPPATH/Models/CommonModel.php(53): CodeIgniter\Database\BaseBuilder->get()
 6 APPPATH/Controllers/QuizResultController.php(39): App\Models\CommonModel->rowRecord()
 7 SYSTEMPATH/CodeIgniter.php(933): App\Controllers\QuizResultController->index()
 8 SYSTEMPATH/CodeIgniter.php(509): CodeIgniter\CodeIgniter->runController()
 9 SYSTEMPATH/CodeIgniter.php(355): CodeIgniter\CodeIgniter->handleRequest()
10 SYSTEMPATH/Boot.php(325): CodeIgniter\CodeIgniter->run()
11 SYSTEMPATH/Boot.php(67): CodeIgniter\Boot::runCodeIgniter()
12 FCPATH/index.php(56): CodeIgniter\Boot::bootWeb()
ERROR - 2024-11-04 12:19:50 --> mysqli_sql_exception: Unknown column 'user_id' in 'where clause' in /var/www/api_kiacademy/system/Database/MySQLi/Connection.php:312
Stack trace:
#0 /var/www/api_kiacademy/system/Database/MySQLi/Connection.php(312): mysqli->query()
#1 /var/www/api_kiacademy/system/Database/BaseConnection.php(734): CodeIgniter\Database\MySQLi\Connection->execute()
#2 /var/www/api_kiacademy/system/Database/BaseConnection.php(648): CodeIgniter\Database\BaseConnection->simpleQuery()
#3 /var/www/api_kiacademy/system/Database/BaseBuilder.php(1644): CodeIgniter\Database\BaseConnection->query()
#4 /var/www/api_kiacademy/app/Models/CommonModel.php(53): CodeIgniter\Database\BaseBuilder->get()
#5 /var/www/api_kiacademy/app/Controllers/QuizResultController.php(39): App\Models\CommonModel->rowRecord()
#6 /var/www/api_kiacademy/system/CodeIgniter.php(933): App\Controllers\QuizResultController->index()
#7 /var/www/api_kiacademy/system/CodeIgniter.php(509): CodeIgniter\CodeIgniter->runController()
#8 /var/www/api_kiacademy/system/CodeIgniter.php(355): CodeIgniter\CodeIgniter->handleRequest()
#9 /var/www/api_kiacademy/system/Boot.php(325): CodeIgniter\CodeIgniter->run()
#10 /var/www/api_kiacademy/system/Boot.php(67): CodeIgniter\Boot::runCodeIgniter()
#11 /var/www/api_kiacademy/index.php(56): CodeIgniter\Boot::bootWeb()
#12 {main}
CRITICAL - 2024-11-04 12:19:50 --> CodeIgniter\Database\Exceptions\DatabaseException: Unknown column 'user_id' in 'where clause'
[Method: GET, Route: api/quiz-results/1/32]
in SYSTEMPATH/Database/BaseConnection.php on line 688.
 1 SYSTEMPATH/Database/BaseBuilder.php(1644): CodeIgniter\Database\BaseConnection->query()
 2 APPPATH/Models/CommonModel.php(53): CodeIgniter\Database\BaseBuilder->get()
 3 APPPATH/Controllers/QuizResultController.php(39): App\Models\CommonModel->rowRecord()
 4 SYSTEMPATH/CodeIgniter.php(933): App\Controllers\QuizResultController->index()
 5 SYSTEMPATH/CodeIgniter.php(509): CodeIgniter\CodeIgniter->runController()
 6 SYSTEMPATH/CodeIgniter.php(355): CodeIgniter\CodeIgniter->handleRequest()
 7 SYSTEMPATH/Boot.php(325): CodeIgniter\CodeIgniter->run()
 8 SYSTEMPATH/Boot.php(67): CodeIgniter\Boot::runCodeIgniter()
 9 FCPATH/index.php(56): CodeIgniter\Boot::bootWeb()
CRITICAL - 2024-11-04 12:19:50 --> [Caused by] CodeIgniter\Database\Exceptions\DatabaseException: Unknown column 'user_id' in 'where clause'
in SYSTEMPATH/Database/MySQLi/Connection.php on line 317.
 1 SYSTEMPATH/Database/BaseConnection.php(734): CodeIgniter\Database\MySQLi\Connection->execute()
 2 SYSTEMPATH/Database/BaseConnection.php(648): CodeIgniter\Database\BaseConnection->simpleQuery()
 3 SYSTEMPATH/Database/BaseBuilder.php(1644): CodeIgniter\Database\BaseConnection->query()
 4 APPPATH/Models/CommonModel.php(53): CodeIgniter\Database\BaseBuilder->get()
 5 APPPATH/Controllers/QuizResultController.php(39): App\Models\CommonModel->rowRecord()
 6 SYSTEMPATH/CodeIgniter.php(933): App\Controllers\QuizResultController->index()
 7 SYSTEMPATH/CodeIgniter.php(509): CodeIgniter\CodeIgniter->runController()
 8 SYSTEMPATH/CodeIgniter.php(355): CodeIgniter\CodeIgniter->handleRequest()
 9 SYSTEMPATH/Boot.php(325): CodeIgniter\CodeIgniter->run()
10 SYSTEMPATH/Boot.php(67): CodeIgniter\Boot::runCodeIgniter()
11 FCPATH/index.php(56): CodeIgniter\Boot::bootWeb()
CRITICAL - 2024-11-04 12:19:50 --> [Caused by] mysqli_sql_exception: Unknown column 'user_id' in 'where clause'
in SYSTEMPATH/Database/MySQLi/Connection.php on line 312.
 1 SYSTEMPATH/Database/MySQLi/Connection.php(312): mysqli->query()
 2 SYSTEMPATH/Database/BaseConnection.php(734): CodeIgniter\Database\MySQLi\Connection->execute()
 3 SYSTEMPATH/Database/BaseConnection.php(648): CodeIgniter\Database\BaseConnection->simpleQuery()
 4 SYSTEMPATH/Database/BaseBuilder.php(1644): CodeIgniter\Database\BaseConnection->query()
 5 APPPATH/Models/CommonModel.php(53): CodeIgniter\Database\BaseBuilder->get()
 6 APPPATH/Controllers/QuizResultController.php(39): App\Models\CommonModel->rowRecord()
 7 SYSTEMPATH/CodeIgniter.php(933): App\Controllers\QuizResultController->index()
 8 SYSTEMPATH/CodeIgniter.php(509): CodeIgniter\CodeIgniter->runController()
 9 SYSTEMPATH/CodeIgniter.php(355): CodeIgniter\CodeIgniter->handleRequest()
10 SYSTEMPATH/Boot.php(325): CodeIgniter\CodeIgniter->run()
11 SYSTEMPATH/Boot.php(67): CodeIgniter\Boot::runCodeIgniter()
12 FCPATH/index.php(56): CodeIgniter\Boot::bootWeb()
ERROR - 2024-11-04 12:22:10 --> mysqli_sql_exception: Unknown column 'user_id' in 'where clause' in /var/www/api_kiacademy/system/Database/MySQLi/Connection.php:312
Stack trace:
#0 /var/www/api_kiacademy/system/Database/MySQLi/Connection.php(312): mysqli->query()
#1 /var/www/api_kiacademy/system/Database/BaseConnection.php(734): CodeIgniter\Database\MySQLi\Connection->execute()
#2 /var/www/api_kiacademy/system/Database/BaseConnection.php(648): CodeIgniter\Database\BaseConnection->simpleQuery()
#3 /var/www/api_kiacademy/system/Database/BaseBuilder.php(1644): CodeIgniter\Database\BaseConnection->query()
#4 /var/www/api_kiacademy/app/Models/CommonModel.php(53): CodeIgniter\Database\BaseBuilder->get()
#5 /var/www/api_kiacademy/app/Controllers/QuizResultController.php(39): App\Models\CommonModel->rowRecord()
#6 /var/www/api_kiacademy/system/CodeIgniter.php(933): App\Controllers\QuizResultController->index()
#7 /var/www/api_kiacademy/system/CodeIgniter.php(509): CodeIgniter\CodeIgniter->runController()
#8 /var/www/api_kiacademy/system/CodeIgniter.php(355): CodeIgniter\CodeIgniter->handleRequest()
#9 /var/www/api_kiacademy/system/Boot.php(325): CodeIgniter\CodeIgniter->run()
#10 /var/www/api_kiacademy/system/Boot.php(67): CodeIgniter\Boot::runCodeIgniter()
#11 /var/www/api_kiacademy/index.php(56): CodeIgniter\Boot::bootWeb()
#12 {main}
CRITICAL - 2024-11-04 12:22:10 --> CodeIgniter\Database\Exceptions\DatabaseException: Unknown column 'user_id' in 'where clause'
[Method: GET, Route: api/quiz-results/1/32]
in SYSTEMPATH/Database/BaseConnection.php on line 688.
 1 SYSTEMPATH/Database/BaseBuilder.php(1644): CodeIgniter\Database\BaseConnection->query()
 2 APPPATH/Models/CommonModel.php(53): CodeIgniter\Database\BaseBuilder->get()
 3 APPPATH/Controllers/QuizResultController.php(39): App\Models\CommonModel->rowRecord()
 4 SYSTEMPATH/CodeIgniter.php(933): App\Controllers\QuizResultController->index()
 5 SYSTEMPATH/CodeIgniter.php(509): CodeIgniter\CodeIgniter->runController()
 6 SYSTEMPATH/CodeIgniter.php(355): CodeIgniter\CodeIgniter->handleRequest()
 7 SYSTEMPATH/Boot.php(325): CodeIgniter\CodeIgniter->run()
 8 SYSTEMPATH/Boot.php(67): CodeIgniter\Boot::runCodeIgniter()
 9 FCPATH/index.php(56): CodeIgniter\Boot::bootWeb()
CRITICAL - 2024-11-04 12:22:10 --> [Caused by] CodeIgniter\Database\Exceptions\DatabaseException: Unknown column 'user_id' in 'where clause'
in SYSTEMPATH/Database/MySQLi/Connection.php on line 317.
 1 SYSTEMPATH/Database/BaseConnection.php(734): CodeIgniter\Database\MySQLi\Connection->execute()
 2 SYSTEMPATH/Database/BaseConnection.php(648): CodeIgniter\Database\BaseConnection->simpleQuery()
 3 SYSTEMPATH/Database/BaseBuilder.php(1644): CodeIgniter\Database\BaseConnection->query()
 4 APPPATH/Models/CommonModel.php(53): CodeIgniter\Database\BaseBuilder->get()
 5 APPPATH/Controllers/QuizResultController.php(39): App\Models\CommonModel->rowRecord()
 6 SYSTEMPATH/CodeIgniter.php(933): App\Controllers\QuizResultController->index()
 7 SYSTEMPATH/CodeIgniter.php(509): CodeIgniter\CodeIgniter->runController()
 8 SYSTEMPATH/CodeIgniter.php(355): CodeIgniter\CodeIgniter->handleRequest()
 9 SYSTEMPATH/Boot.php(325): CodeIgniter\CodeIgniter->run()
10 SYSTEMPATH/Boot.php(67): CodeIgniter\Boot::runCodeIgniter()
11 FCPATH/index.php(56): CodeIgniter\Boot::bootWeb()
CRITICAL - 2024-11-04 12:22:10 --> [Caused by] mysqli_sql_exception: Unknown column 'user_id' in 'where clause'
in SYSTEMPATH/Database/MySQLi/Connection.php on line 312.
 1 SYSTEMPATH/Database/MySQLi/Connection.php(312): mysqli->query()
 2 SYSTEMPATH/Database/BaseConnection.php(734): CodeIgniter\Database\MySQLi\Connection->execute()
 3 SYSTEMPATH/Database/BaseConnection.php(648): CodeIgniter\Database\BaseConnection->simpleQuery()
 4 SYSTEMPATH/Database/BaseBuilder.php(1644): CodeIgniter\Database\BaseConnection->query()
 5 APPPATH/Models/CommonModel.php(53): CodeIgniter\Database\BaseBuilder->get()
 6 APPPATH/Controllers/QuizResultController.php(39): App\Models\CommonModel->rowRecord()
 7 SYSTEMPATH/CodeIgniter.php(933): App\Controllers\QuizResultController->index()
 8 SYSTEMPATH/CodeIgniter.php(509): CodeIgniter\CodeIgniter->runController()
 9 SYSTEMPATH/CodeIgniter.php(355): CodeIgniter\CodeIgniter->handleRequest()
10 SYSTEMPATH/Boot.php(325): CodeIgniter\CodeIgniter->run()
11 SYSTEMPATH/Boot.php(67): CodeIgniter\Boot::runCodeIgniter()
12 FCPATH/index.php(56): CodeIgniter\Boot::bootWeb()
ERROR - 2024-11-04 12:22:10 --> mysqli_sql_exception: Unknown column 'user_id' in 'where clause' in /var/www/api_kiacademy/system/Database/MySQLi/Connection.php:312
Stack trace:
#0 /var/www/api_kiacademy/system/Database/MySQLi/Connection.php(312): mysqli->query()
#1 /var/www/api_kiacademy/system/Database/BaseConnection.php(734): CodeIgniter\Database\MySQLi\Connection->execute()
#2 /var/www/api_kiacademy/system/Database/BaseConnection.php(648): CodeIgniter\Database\BaseConnection->simpleQuery()
#3 /var/www/api_kiacademy/system/Database/BaseBuilder.php(1644): CodeIgniter\Database\BaseConnection->query()
#4 /var/www/api_kiacademy/app/Models/CommonModel.php(53): CodeIgniter\Database\BaseBuilder->get()
#5 /var/www/api_kiacademy/app/Controllers/QuizResultController.php(39): App\Models\CommonModel->rowRecord()
#6 /var/www/api_kiacademy/system/CodeIgniter.php(933): App\Controllers\QuizResultController->index()
#7 /var/www/api_kiacademy/system/CodeIgniter.php(509): CodeIgniter\CodeIgniter->runController()
#8 /var/www/api_kiacademy/system/CodeIgniter.php(355): CodeIgniter\CodeIgniter->handleRequest()
#9 /var/www/api_kiacademy/system/Boot.php(325): CodeIgniter\CodeIgniter->run()
#10 /var/www/api_kiacademy/system/Boot.php(67): CodeIgniter\Boot::runCodeIgniter()
#11 /var/www/api_kiacademy/index.php(56): CodeIgniter\Boot::bootWeb()
#12 {main}
CRITICAL - 2024-11-04 12:22:10 --> CodeIgniter\Database\Exceptions\DatabaseException: Unknown column 'user_id' in 'where clause'
[Method: GET, Route: api/quiz-results/1/32]
in SYSTEMPATH/Database/BaseConnection.php on line 688.
 1 SYSTEMPATH/Database/BaseBuilder.php(1644): CodeIgniter\Database\BaseConnection->query()
 2 APPPATH/Models/CommonModel.php(53): CodeIgniter\Database\BaseBuilder->get()
 3 APPPATH/Controllers/QuizResultController.php(39): App\Models\CommonModel->rowRecord()
 4 SYSTEMPATH/CodeIgniter.php(933): App\Controllers\QuizResultController->index()
 5 SYSTEMPATH/CodeIgniter.php(509): CodeIgniter\CodeIgniter->runController()
 6 SYSTEMPATH/CodeIgniter.php(355): CodeIgniter\CodeIgniter->handleRequest()
 7 SYSTEMPATH/Boot.php(325): CodeIgniter\CodeIgniter->run()
 8 SYSTEMPATH/Boot.php(67): CodeIgniter\Boot::runCodeIgniter()
 9 FCPATH/index.php(56): CodeIgniter\Boot::bootWeb()
CRITICAL - 2024-11-04 12:22:10 --> [Caused by] CodeIgniter\Database\Exceptions\DatabaseException: Unknown column 'user_id' in 'where clause'
in SYSTEMPATH/Database/MySQLi/Connection.php on line 317.
 1 SYSTEMPATH/Database/BaseConnection.php(734): CodeIgniter\Database\MySQLi\Connection->execute()
 2 SYSTEMPATH/Database/BaseConnection.php(648): CodeIgniter\Database\BaseConnection->simpleQuery()
 3 SYSTEMPATH/Database/BaseBuilder.php(1644): CodeIgniter\Database\BaseConnection->query()
 4 APPPATH/Models/CommonModel.php(53): CodeIgniter\Database\BaseBuilder->get()
 5 APPPATH/Controllers/QuizResultController.php(39): App\Models\CommonModel->rowRecord()
 6 SYSTEMPATH/CodeIgniter.php(933): App\Controllers\QuizResultController->index()
 7 SYSTEMPATH/CodeIgniter.php(509): CodeIgniter\CodeIgniter->runController()
 8 SYSTEMPATH/CodeIgniter.php(355): CodeIgniter\CodeIgniter->handleRequest()
 9 SYSTEMPATH/Boot.php(325): CodeIgniter\CodeIgniter->run()
10 SYSTEMPATH/Boot.php(67): CodeIgniter\Boot::runCodeIgniter()
11 FCPATH/index.php(56): CodeIgniter\Boot::bootWeb()
CRITICAL - 2024-11-04 12:22:10 --> [Caused by] mysqli_sql_exception: Unknown column 'user_id' in 'where clause'
in SYSTEMPATH/Database/MySQLi/Connection.php on line 312.
 1 SYSTEMPATH/Database/MySQLi/Connection.php(312): mysqli->query()
 2 SYSTEMPATH/Database/BaseConnection.php(734): CodeIgniter\Database\MySQLi\Connection->execute()
 3 SYSTEMPATH/Database/BaseConnection.php(648): CodeIgniter\Database\BaseConnection->simpleQuery()
 4 SYSTEMPATH/Database/BaseBuilder.php(1644): CodeIgniter\Database\BaseConnection->query()
 5 APPPATH/Models/CommonModel.php(53): CodeIgniter\Database\BaseBuilder->get()
 6 APPPATH/Controllers/QuizResultController.php(39): App\Models\CommonModel->rowRecord()
 7 SYSTEMPATH/CodeIgniter.php(933): App\Controllers\QuizResultController->index()
 8 SYSTEMPATH/CodeIgniter.php(509): CodeIgniter\CodeIgniter->runController()
 9 SYSTEMPATH/CodeIgniter.php(355): CodeIgniter\CodeIgniter->handleRequest()
10 SYSTEMPATH/Boot.php(325): CodeIgniter\CodeIgniter->run()
11 SYSTEMPATH/Boot.php(67): CodeIgniter\Boot::runCodeIgniter()
12 FCPATH/index.php(56): CodeIgniter\Boot::bootWeb()
ERROR - 2024-11-04 15:15:17 --> mysqli_sql_exception: Unknown column 'user_id' in 'where clause' in /var/www/api_kiacademy/system/Database/MySQLi/Connection.php:312
Stack trace:
#0 /var/www/api_kiacademy/system/Database/MySQLi/Connection.php(312): mysqli->query()
#1 /var/www/api_kiacademy/system/Database/BaseConnection.php(734): CodeIgniter\Database\MySQLi\Connection->execute()
#2 /var/www/api_kiacademy/system/Database/BaseConnection.php(648): CodeIgniter\Database\BaseConnection->simpleQuery()
#3 /var/www/api_kiacademy/system/Database/BaseBuilder.php(1644): CodeIgniter\Database\BaseConnection->query()
#4 /var/www/api_kiacademy/app/Models/CommonModel.php(53): CodeIgniter\Database\BaseBuilder->get()
#5 /var/www/api_kiacademy/app/Controllers/QuizResultController.php(39): App\Models\CommonModel->rowRecord()
#6 /var/www/api_kiacademy/system/CodeIgniter.php(933): App\Controllers\QuizResultController->index()
#7 /var/www/api_kiacademy/system/CodeIgniter.php(509): CodeIgniter\CodeIgniter->runController()
#8 /var/www/api_kiacademy/system/CodeIgniter.php(355): CodeIgniter\CodeIgniter->handleRequest()
#9 /var/www/api_kiacademy/system/Boot.php(325): CodeIgniter\CodeIgniter->run()
#10 /var/www/api_kiacademy/system/Boot.php(67): CodeIgniter\Boot::runCodeIgniter()
#11 /var/www/api_kiacademy/index.php(56): CodeIgniter\Boot::bootWeb()
#12 {main}
CRITICAL - 2024-11-04 15:15:17 --> CodeIgniter\Database\Exceptions\DatabaseException: Unknown column 'user_id' in 'where clause'
[Method: GET, Route: api/quiz-results/1/32]
in SYSTEMPATH/Database/BaseConnection.php on line 688.
 1 SYSTEMPATH/Database/BaseBuilder.php(1644): CodeIgniter\Database\BaseConnection->query()
 2 APPPATH/Models/CommonModel.php(53): CodeIgniter\Database\BaseBuilder->get()
 3 APPPATH/Controllers/QuizResultController.php(39): App\Models\CommonModel->rowRecord()
 4 SYSTEMPATH/CodeIgniter.php(933): App\Controllers\QuizResultController->index()
 5 SYSTEMPATH/CodeIgniter.php(509): CodeIgniter\CodeIgniter->runController()
 6 SYSTEMPATH/CodeIgniter.php(355): CodeIgniter\CodeIgniter->handleRequest()
 7 SYSTEMPATH/Boot.php(325): CodeIgniter\CodeIgniter->run()
 8 SYSTEMPATH/Boot.php(67): CodeIgniter\Boot::runCodeIgniter()
 9 FCPATH/index.php(56): CodeIgniter\Boot::bootWeb()
CRITICAL - 2024-11-04 15:15:17 --> [Caused by] CodeIgniter\Database\Exceptions\DatabaseException: Unknown column 'user_id' in 'where clause'
in SYSTEMPATH/Database/MySQLi/Connection.php on line 317.
 1 SYSTEMPATH/Database/BaseConnection.php(734): CodeIgniter\Database\MySQLi\Connection->execute()
 2 SYSTEMPATH/Database/BaseConnection.php(648): CodeIgniter\Database\BaseConnection->simpleQuery()
 3 SYSTEMPATH/Database/BaseBuilder.php(1644): CodeIgniter\Database\BaseConnection->query()
 4 APPPATH/Models/CommonModel.php(53): CodeIgniter\Database\BaseBuilder->get()
 5 APPPATH/Controllers/QuizResultController.php(39): App\Models\CommonModel->rowRecord()
 6 SYSTEMPATH/CodeIgniter.php(933): App\Controllers\QuizResultController->index()
 7 SYSTEMPATH/CodeIgniter.php(509): CodeIgniter\CodeIgniter->runController()
 8 SYSTEMPATH/CodeIgniter.php(355): CodeIgniter\CodeIgniter->handleRequest()
 9 SYSTEMPATH/Boot.php(325): CodeIgniter\CodeIgniter->run()
10 SYSTEMPATH/Boot.php(67): CodeIgniter\Boot::runCodeIgniter()
11 FCPATH/index.php(56): CodeIgniter\Boot::bootWeb()
CRITICAL - 2024-11-04 15:15:17 --> [Caused by] mysqli_sql_exception: Unknown column 'user_id' in 'where clause'
in SYSTEMPATH/Database/MySQLi/Connection.php on line 312.
 1 SYSTEMPATH/Database/MySQLi/Connection.php(312): mysqli->query()
 2 SYSTEMPATH/Database/BaseConnection.php(734): CodeIgniter\Database\MySQLi\Connection->execute()
 3 SYSTEMPATH/Database/BaseConnection.php(648): CodeIgniter\Database\BaseConnection->simpleQuery()
 4 SYSTEMPATH/Database/BaseBuilder.php(1644): CodeIgniter\Database\BaseConnection->query()
 5 APPPATH/Models/CommonModel.php(53): CodeIgniter\Database\BaseBuilder->get()
 6 APPPATH/Controllers/QuizResultController.php(39): App\Models\CommonModel->rowRecord()
 7 SYSTEMPATH/CodeIgniter.php(933): App\Controllers\QuizResultController->index()
 8 SYSTEMPATH/CodeIgniter.php(509): CodeIgniter\CodeIgniter->runController()
 9 SYSTEMPATH/CodeIgniter.php(355): CodeIgniter\CodeIgniter->handleRequest()
10 SYSTEMPATH/Boot.php(325): CodeIgniter\CodeIgniter->run()
11 SYSTEMPATH/Boot.php(67): CodeIgniter\Boot::runCodeIgniter()
12 FCPATH/index.php(56): CodeIgniter\Boot::bootWeb()
ERROR - 2024-11-04 15:17:06 --> Invalid token: 
ERROR - 2024-11-04 15:17:11 --> Invalid token: 
