ERROR - 2024-11-13 13:04:50 --> mysqli_sql_exception: Unknown column 'courses.title' in 'where clause' in /var/www/api_kiacademy/system/Database/MySQLi/Connection.php:312
Stack trace:
#0 /var/www/api_kiacademy/system/Database/MySQLi/Connection.php(312): mysqli->query()
#1 /var/www/api_kiacademy/system/Database/BaseConnection.php(734): CodeIgniter\Database\MySQLi\Connection->execute()
#2 /var/www/api_kiacademy/system/Database/BaseConnection.php(648): CodeIgniter\Database\BaseConnection->simpleQuery()
#3 /var/www/api_kiacademy/system/Database/BaseBuilder.php(1644): CodeIgniter\Database\BaseConnection->query()
#4 /var/www/api_kiacademy/app/Models/CommonModel.php(124): CodeIgniter\Database\BaseBuilder->get()
#5 /var/www/api_kiacademy/app/Controllers/CourseController.php(288): App\Models\CommonModel->getCourseSearch()
#6 /var/www/api_kiacademy/system/CodeIgniter.php(933): App\Controllers\CourseController->searchCourses()
#7 /var/www/api_kiacademy/system/CodeIgniter.php(509): CodeIgniter\CodeIgniter->runController()
#8 /var/www/api_kiacademy/system/CodeIgniter.php(355): CodeIgniter\CodeIgniter->handleRequest()
#9 /var/www/api_kiacademy/system/Boot.php(325): CodeIgniter\CodeIgniter->run()
#10 /var/www/api_kiacademy/system/Boot.php(67): CodeIgniter\Boot::runCodeIgniter()
#11 /var/www/api_kiacademy/index.php(56): CodeIgniter\Boot::bootWeb()
#12 {main}
CRITICAL - 2024-11-13 13:04:50 --> CodeIgniter\Database\Exceptions\DatabaseException: Unknown column 'courses.title' in 'where clause'
[Method: GET, Route: api/courses/search-course/python]
in SYSTEMPATH/Database/BaseConnection.php on line 688.
 1 SYSTEMPATH/Database/BaseBuilder.php(1644): CodeIgniter\Database\BaseConnection->query()
 2 APPPATH/Models/CommonModel.php(124): CodeIgniter\Database\BaseBuilder->get()
 3 APPPATH/Controllers/CourseController.php(288): App\Models\CommonModel->getCourseSearch()
 4 SYSTEMPATH/CodeIgniter.php(933): App\Controllers\CourseController->searchCourses()
 5 SYSTEMPATH/CodeIgniter.php(509): CodeIgniter\CodeIgniter->runController()
 6 SYSTEMPATH/CodeIgniter.php(355): CodeIgniter\CodeIgniter->handleRequest()
 7 SYSTEMPATH/Boot.php(325): CodeIgniter\CodeIgniter->run()
 8 SYSTEMPATH/Boot.php(67): CodeIgniter\Boot::runCodeIgniter()
 9 FCPATH/index.php(56): CodeIgniter\Boot::bootWeb()
CRITICAL - 2024-11-13 13:04:50 --> [Caused by] CodeIgniter\Database\Exceptions\DatabaseException: Unknown column 'courses.title' in 'where clause'
in SYSTEMPATH/Database/MySQLi/Connection.php on line 317.
 1 SYSTEMPATH/Database/BaseConnection.php(734): CodeIgniter\Database\MySQLi\Connection->execute()
 2 SYSTEMPATH/Database/BaseConnection.php(648): CodeIgniter\Database\BaseConnection->simpleQuery()
 3 SYSTEMPATH/Database/BaseBuilder.php(1644): CodeIgniter\Database\BaseConnection->query()
 4 APPPATH/Models/CommonModel.php(124): CodeIgniter\Database\BaseBuilder->get()
 5 APPPATH/Controllers/CourseController.php(288): App\Models\CommonModel->getCourseSearch()
 6 SYSTEMPATH/CodeIgniter.php(933): App\Controllers\CourseController->searchCourses()
 7 SYSTEMPATH/CodeIgniter.php(509): CodeIgniter\CodeIgniter->runController()
 8 SYSTEMPATH/CodeIgniter.php(355): CodeIgniter\CodeIgniter->handleRequest()
 9 SYSTEMPATH/Boot.php(325): CodeIgniter\CodeIgniter->run()
10 SYSTEMPATH/Boot.php(67): CodeIgniter\Boot::runCodeIgniter()
11 FCPATH/index.php(56): CodeIgniter\Boot::bootWeb()
CRITICAL - 2024-11-13 13:04:50 --> [Caused by] mysqli_sql_exception: Unknown column 'courses.title' in 'where clause'
in SYSTEMPATH/Database/MySQLi/Connection.php on line 312.
 1 SYSTEMPATH/Database/MySQLi/Connection.php(312): mysqli->query()
 2 SYSTEMPATH/Database/BaseConnection.php(734): CodeIgniter\Database\MySQLi\Connection->execute()
 3 SYSTEMPATH/Database/BaseConnection.php(648): CodeIgniter\Database\BaseConnection->simpleQuery()
 4 SYSTEMPATH/Database/BaseBuilder.php(1644): CodeIgniter\Database\BaseConnection->query()
 5 APPPATH/Models/CommonModel.php(124): CodeIgniter\Database\BaseBuilder->get()
 6 APPPATH/Controllers/CourseController.php(288): App\Models\CommonModel->getCourseSearch()
 7 SYSTEMPATH/CodeIgniter.php(933): App\Controllers\CourseController->searchCourses()
 8 SYSTEMPATH/CodeIgniter.php(509): CodeIgniter\CodeIgniter->runController()
 9 SYSTEMPATH/CodeIgniter.php(355): CodeIgniter\CodeIgniter->handleRequest()
10 SYSTEMPATH/Boot.php(325): CodeIgniter\CodeIgniter->run()
11 SYSTEMPATH/Boot.php(67): CodeIgniter\Boot::runCodeIgniter()
12 FCPATH/index.php(56): CodeIgniter\Boot::bootWeb()
ERROR - 2024-11-13 13:06:43 --> Invalid token: 
CRITICAL - 2024-11-13 13:27:56 --> CodeIgniter\HTTP\Exceptions\BadRequestException: The URI you submitted has disallowed characters: "{searchTerm}"
[Method: GET, Route: api/courses/search-course/%7BsearchTerm%7D]
in SYSTEMPATH/Router/Router.php on line 737.
 1 SYSTEMPATH/Router/Router.php(204): CodeIgniter\Router\Router->checkDisallowedChars()
 2 SYSTEMPATH/CodeIgniter.php(834): CodeIgniter\Router\Router->handle()
 3 SYSTEMPATH/CodeIgniter.php(457): CodeIgniter\CodeIgniter->tryToRouteIt()
 4 SYSTEMPATH/CodeIgniter.php(355): CodeIgniter\CodeIgniter->handleRequest()
 5 SYSTEMPATH/Boot.php(325): CodeIgniter\CodeIgniter->run()
 6 SYSTEMPATH/Boot.php(67): CodeIgniter\Boot::runCodeIgniter()
 7 FCPATH/index.php(56): CodeIgniter\Boot::bootWeb()
